<?xml version="1.0" encoding="UTF-8"?>
<testsuite xmlns:xsi="http://www.w3.org/2001/XMLSchema-instance" xsi:noNamespaceSchemaLocation="https://maven.apache.org/surefire/maven-failsafe-plugin/xsd/failsafe-test-report.xsd" name="asg.concert.service.ConcertResourceIT" time="9.262" tests="29" errors="0" skipped="0" failures="0">
  <properties>
[...]
</properties>
  <testcase name="testAttemptDoubleBooking_SameSeats" classname="asg.concert.service.ConcertResourceIT" time="0.248"/>
  <testcase name="testFailedLogin_IncorrectPassword" classname="asg.concert.service.ConcertResourceIT" time="0.18"/>
  <testcase name="testSubscriptionForDifferentConcert" classname="asg.concert.service.ConcertResourceIT" time="2.277"/>
  <testcase name="testGetConcertSummaries" classname="asg.concert.service.ConcertResourceIT" time="0.207"/>
  <testcase name="testAttemptGetOthersBookingById" classname="asg.concert.service.ConcertResourceIT" time="0.194"/>
  <testcase name="testBadSubscription_NonexistentConcert" classname="asg.concert.service.ConcertResourceIT" time="0.168"/>
  <testcase name="testGetUnbookedSeatsForDate" classname="asg.concert.service.ConcertResourceIT" time="0.184"/>
  <testcase name="testAttemptBookingWrongDate" classname="asg.concert.service.ConcertResourceIT" time="0.191"/>
  <testcase name="testMakeSuccessfulBooking" classname="asg.concert.service.ConcertResourceIT" time="0.201"/>
  <testcase name="testGetSinglePerformer" classname="asg.concert.service.ConcertResourceIT" time="0.158"/>
  <testcase name="testGetBookedSeatsForDate" classname="asg.concert.service.ConcertResourceIT" time="0.181"/>
  <testcase name="testGetAllPerformers" classname="asg.concert.service.ConcertResourceIT" time="0.195"/>
  <testcase name="testGetOwnBookingById" classname="asg.concert.service.ConcertResourceIT" time="0.174"/>
  <testcase name="testGetNonExistentPerformer" classname="asg.concert.service.ConcertResourceIT" time="0.168"/>
  <testcase name="testAttemptUnauthorizedBooking" classname="asg.concert.service.ConcertResourceIT" time="0.203"/>
  <testcase name="testGetNonExistentConcert" classname="asg.concert.service.ConcertResourceIT" time="0.182"/>
  <testcase name="testGetAllBookingsForUser" classname="asg.concert.service.ConcertResourceIT" time="0.204"/>
  <testcase name="testUnauthorizedSubscription" classname="asg.concert.service.ConcertResourceIT" time="0.158"/>
  <testcase name="testSuccessfulLogin" classname="asg.concert.service.ConcertResourceIT" time="0.152"/>
  <testcase name="testGetSingleConcert" classname="asg.concert.service.ConcertResourceIT" time="0.195"/>
  <testcase name="testFailedLogin_IncorrectUsername" classname="asg.concert.service.ConcertResourceIT" time="0.144"/>
  <testcase name="testAttemptGetAllBookingsWhenNotAuthenticated" classname="asg.concert.service.ConcertResourceIT" time="0.141"/>
  <testcase name="testAttemptBookingIncorrectConcertId" classname="asg.concert.service.ConcertResourceIT" time="0.169"/>
  <testcase name="testSubscription" classname="asg.concert.service.ConcertResourceIT" time="2.208"/>
  <testcase name="testBadSubscription_NonexistentDate" classname="asg.concert.service.ConcertResourceIT" time="0.162"/>
  <testcase name="testGetAllSeatsForDate" classname="asg.concert.service.ConcertResourceIT" time="0.169"/>
  <testcase name="testGetSingleConcertWithMultiplePerformersAndDates" classname="asg.concert.service.ConcertResourceIT" time="0.154"/>
  <testcase name="testGetAllConcerts" classname="asg.concert.service.ConcertResourceIT" time="0.129"/>
  <testcase name="testAttemptDoubleBooking_OverlappingSeats" classname="asg.concert.service.ConcertResourceIT" time="0.163"/>
</testsuite>